# JRE version: OpenJDK Runtime Environment (8.0_202-b03) (build 1.8.0_202-release-1483-b03)
# Java VM: OpenJDK 64-Bit Server VM (25.202-b03 mixed mode windows-amd64 compressed oops)
Heap:
 PSYoungGen      total 466432K, used 406970K [0x00000000e0000000, 0x0000000100000000, 0x0000000100000000)
  eden space 414208K, 89% used [0x00000000e0000000,0x00000000f6b96750,0x00000000f9480000)
  from space 52224K, 66% used [0x00000000f9480000,0x00000000fb6816d8,0x00000000fc780000)
  to   space 53760K, 0% used [0x00000000fcb80000,0x00000000fcb80000,0x0000000100000000)
 ParOldGen       total 274944K, used 184763K [0x00000000a0000000, 0x00000000b0c80000, 0x00000000e0000000)
  object space 274944K, 67% used [0x00000000a0000000,0x00000000ab46ee58,0x00000000b0c80000)
 Metaspace       used 197258K, capacity 209144K, committed 209408K, reserved 1230848K
  class space    used 25028K, capacity 27285K, committed 27392K, reserved 1048576K
GC Heap History (10 events):
Event: 422.369 GC heap before
{Heap before GC invocations=24 (full 5):
 PSYoungGen      total 468992K, used 421888K [0x00000000e0000000, 0x0000000100000000, 0x0000000100000000)
  eden space 421888K, 100% used [0x00000000e0000000,0x00000000f9c00000,0x00000000f9c00000)
  from space 47104K, 0% used [0x00000000fd200000,0x00000000fd200000,0x0000000100000000)
  to   space 51200K, 0% used [0x00000000f9c00000,0x00000000f9c00000,0x00000000fce00000)
 ParOldGen       total 274944K, used 148012K [0x00000000a0000000, 0x00000000b0c80000, 0x00000000e0000000)
  object space 274944K, 53% used [0x00000000a0000000,0x00000000a908b2c0,0x00000000b0c80000)
 Metaspace       used 174703K, capacity 184690K, committed 184960K, reserved 1210368K
  class space    used 22229K, capacity 24147K, committed 24192K, reserved 1048576K
Event: 422.401 GC heap after
Heap after GC invocations=24 (full 5):
 PSYoungGen      total 466944K, used 44920K [0x00000000e0000000, 0x0000000100000000, 0x0000000100000000)
  eden space 421888K, 0% used [0x00000000e0000000,0x00000000e0000000,0x00000000f9c00000)
  from space 45056K, 99% used [0x00000000f9c00000,0x00000000fc7de3b0,0x00000000fc800000)
  to   space 56832K, 0% used [0x00000000fc880000,0x00000000fc880000,0x0000000100000000)
 ParOldGen       total 274944K, used 148020K [0x00000000a0000000, 0x00000000b0c80000, 0x00000000e0000000)
  object space 274944K, 53% used [0x00000000a0000000,0x00000000a908d2c0,0x00000000b0c80000)
 Metaspace       used 174703K, capacity 184690K, committed 184960K, reserved 1210368K
  class space    used 22229K, capacity 24147K, committed 24192K, reserved 1048576K
}
Event: 478.424 GC heap before
{Heap before GC invocations=25 (full 5):
 PSYoungGen      total 466944K, used 466808K [0x00000000e0000000, 0x0000000100000000, 0x0000000100000000)
  eden space 421888K, 100% used [0x00000000e0000000,0x00000000f9c00000,0x00000000f9c00000)
  from space 45056K, 99% used [0x00000000f9c00000,0x00000000fc7de3b0,0x00000000fc800000)
  to   space 56832K, 0% used [0x00000000fc880000,0x00000000fc880000,0x0000000100000000)
 ParOldGen       total 274944K, used 148020K [0x00000000a0000000, 0x00000000b0c80000, 0x00000000e0000000)
  object space 274944K, 53% used [0x00000000a0000000,0x00000000a908d2c0,0x00000000b0c80000)
 Metaspace       used 176906K, capacity 187210K, committed 187520K, reserved 1212416K
  class space    used 22404K, capacity 24360K, committed 24448K, reserved 1048576K
Event: 478.495 GC heap after
Heap after GC invocations=25 (full 5):
 PSYoungGen      total 469504K, used 17816K [0x00000000e0000000, 0x0000000100000000, 0x0000000100000000)
  eden space 412672K, 0% used [0x00000000e0000000,0x00000000e0000000,0x00000000f9300000)
  from space 56832K, 31% used [0x00000000fc880000,0x00000000fd9e63a8,0x0000000100000000)
  to   space 54784K, 0% used [0x00000000f9300000,0x00000000f9300000,0x00000000fc880000)
 ParOldGen       total 274944K, used 175943K [0x00000000a0000000, 0x00000000b0c80000, 0x00000000e0000000)
  object space 274944K, 63% used [0x00000000a0000000,0x00000000aabd1f88,0x00000000b0c80000)
 Metaspace       used 176906K, capacity 187210K, committed 187520K, reserved 1212416K
  class space    used 22404K, capacity 24360K, committed 24448K, reserved 1048576K
}
Event: 758.373 GC heap before
{Heap before GC invocations=26 (full 5):
 PSYoungGen      total 469504K, used 430488K [0x00000000e0000000, 0x0000000100000000, 0x0000000100000000)
  eden space 412672K, 100% used [0x00000000e0000000,0x00000000f9300000,0x00000000f9300000)
  from space 56832K, 31% used [0x00000000fc880000,0x00000000fd9e63a8,0x0000000100000000)
  to   space 54784K, 0% used [0x00000000f9300000,0x00000000f9300000,0x00000000fc880000)
 ParOldGen       total 274944K, used 175943K [0x00000000a0000000, 0x00000000b0c80000, 0x00000000e0000000)
  object space 274944K, 63% used [0x00000000a0000000,0x00000000aabd1f88,0x00000000b0c80000)
 Metaspace       used 178987K, capacity 189548K, committed 189824K, reserved 1214464K
  class space    used 22610K, capacity 24637K, committed 24704K, reserved 1048576K
Event: 758.406 GC heap after
Heap after GC invocations=26 (full 5):
 PSYoungGen      total 424448K, used 11477K [0x00000000e0000000, 0x00000000ffc00000, 0x0000000100000000)
  eden space 412672K, 0% used [0x00000000e0000000,0x00000000e0000000,0x00000000f9300000)
  from space 11776K, 97% used [0x00000000f9300000,0x00000000f9e355c8,0x00000000f9e80000)
  to   space 53760K, 0% used [0x00000000fc780000,0x00000000fc780000,0x00000000ffc00000)
 ParOldGen       total 274944K, used 184739K [0x00000000a0000000, 0x00000000b0c80000, 0x00000000e0000000)
  object space 274944K, 67% used [0x00000000a0000000,0x00000000ab468e58,0x00000000b0c80000)
 Metaspace       used 178987K, capacity 189548K, committed 189824K, reserved 1214464K
  class space    used 22610K, capacity 24637K, committed 24704K, reserved 1048576K
}
Event: 782.178 GC heap before
{Heap before GC invocations=27 (full 5):
 PSYoungGen      total 424448K, used 424149K [0x00000000e0000000, 0x00000000ffc00000, 0x0000000100000000)
  eden space 412672K, 100% used [0x00000000e0000000,0x00000000f9300000,0x00000000f9300000)
  from space 11776K, 97% used [0x00000000f9300000,0x00000000f9e355c8,0x00000000f9e80000)
  to   space 53760K, 0% used [0x00000000fc780000,0x00000000fc780000,0x00000000ffc00000)
 ParOldGen       total 274944K, used 184739K [0x00000000a0000000, 0x00000000b0c80000, 0x00000000e0000000)
  object space 274944K, 67% used [0x00000000a0000000,0x00000000ab468e58,0x00000000b0c80000)
 Metaspace       used 182750K, capacity 193472K, committed 193664K, reserved 1218560K
  class space    used 23083K, capacity 25133K, committed 25216K, reserved 1048576K
Event: 782.212 GC heap after
Heap after GC invocations=27 (full 5):
 PSYoungGen      total 467968K, used 15132K [0x00000000e0000000, 0x0000000100000000, 0x0000000100000000)
  eden space 414208K, 0% used [0x00000000e0000000,0x00000000e0000000,0x00000000f9480000)
  from space 53760K, 28% used [0x00000000fc780000,0x00000000fd6472b0,0x00000000ffc00000)
  to   space 52224K, 0% used [0x00000000f9480000,0x00000000f9480000,0x00000000fc780000)
 ParOldGen       total 274944K, used 184747K [0x00000000a0000000, 0x00000000b0c80000, 0x00000000e0000000)
  object space 274944K, 67% used [0x00000000a0000000,0x00000000ab46ae58,0x00000000b0c80000)
 Metaspace       used 182750K, capacity 193472K, committed 193664K, reserved 1218560K
  class space    used 23083K, capacity 25133K, committed 25216K, reserved 1048576K
}
Event: 787.525 GC heap before
{Heap before GC invocations=28 (full 5):
 PSYoungGen      total 467968K, used 429340K [0x00000000e0000000, 0x0000000100000000, 0x0000000100000000)
  eden space 414208K, 100% used [0x00000000e0000000,0x00000000f9480000,0x00000000f9480000)
  from space 53760K, 28% used [0x00000000fc780000,0x00000000fd6472b0,0x00000000ffc00000)
  to   space 52224K, 0% used [0x00000000f9480000,0x00000000f9480000,0x00000000fc780000)
 ParOldGen       total 274944K, used 184747K [0x00000000a0000000, 0x00000000b0c80000, 0x00000000e0000000)
  object space 274944K, 67% used [0x00000000a0000000,0x00000000ab46ae58,0x00000000b0c80000)
 Metaspace       used 196093K, capacity 207884K, committed 208000K, reserved 1230848K
  class space    used 24928K, capacity 27189K, committed 27264K, reserved 1048576K
Event: 787.569 GC heap after
Heap after GC invocations=28 (full 5):
 PSYoungGen      total 466432K, used 34821K [0x00000000e0000000, 0x0000000100000000, 0x0000000100000000)
  eden space 414208K, 0% used [0x00000000e0000000,0x00000000e0000000,0x00000000f9480000)
  from space 52224K, 66% used [0x00000000f9480000,0x00000000fb6816d8,0x00000000fc780000)
  to   space 53760K, 0% used [0x00000000fcb80000,0x00000000fcb80000,0x0000000100000000)
 ParOldGen       total 274944K, used 184763K [0x00000000a0000000, 0x00000000b0c80000, 0x00000000e0000000)
  object space 274944K, 67% used [0x00000000a0000000,0x00000000ab46ee58,0x00000000b0c80000)
 Metaspace       used 196093K, capacity 207884K, committed 208000K, reserved 1230848K
  class space    used 24928K, capacity 27189K, committed 27264K, reserved 1048576K
}

