# JRE version: OpenJDK Runtime Environment (8.0_202-b03) (build 1.8.0_202-release-1483-b03)
# Java VM: OpenJDK 64-Bit Server VM (25.202-b03 mixed mode windows-amd64 compressed oops)
Heap:
 PSYoungGen      total 326656K, used 49437K [0x00000000e0000000, 0x0000000100000000, 0x0000000100000000)
  eden space 321536K, 13% used [0x00000000e0000000,0x00000000e2ba9f90,0x00000000f3a00000)
  from space 5120K, 92% used [0x00000000f3a00000,0x00000000f3e9d600,0x00000000f3f00000)
  to   space 101888K, 0% used [0x00000000f9c80000,0x00000000f9c80000,0x0000000100000000)
 ParOldGen       total 430080K, used 214908K [0x00000000a0000000, 0x00000000ba400000, 0x00000000e0000000)
  object space 430080K, 49% used [0x00000000a0000000,0x00000000ad1df210,0x00000000ba400000)
 Metaspace       used 260799K, capacity 276803K, committed 277056K, reserved 1290240K
  class space    used 33122K, capacity 36229K, committed 36416K, reserved 1048576K
GC Heap History (10 events):
Event: 633.076 GC heap before
{Heap before GC invocations=29 (full 5):
 PSYoungGen      total 439808K, used 439373K [0x00000000e0000000, 0x0000000100000000, 0x0000000100000000)
  eden space 388096K, 100% used [0x00000000e0000000,0x00000000f7b00000,0x00000000f7b00000)
  from space 51712K, 99% used [0x00000000f7b00000,0x00000000fad13528,0x00000000fad80000)
  to   space 72704K, 0% used [0x00000000fb900000,0x00000000fb900000,0x0000000100000000)
 ParOldGen       total 305664K, used 163758K [0x00000000a0000000, 0x00000000b2a80000, 0x00000000e0000000)
  object space 305664K, 53% used [0x00000000a0000000,0x00000000a9febb08,0x00000000b2a80000)
 Metaspace       used 245968K, capacity 260996K, committed 261184K, reserved 1275904K
  class space    used 31117K, capacity 34015K, committed 34112K, reserved 1048576K
Event: 633.160 GC heap after
Heap after GC invocations=29 (full 5):
 PSYoungGen      total 432128K, used 67084K [0x00000000e0000000, 0x0000000100000000, 0x0000000100000000)
  eden space 359424K, 0% used [0x00000000e0000000,0x00000000e0000000,0x00000000f5f00000)
  from space 72704K, 92% used [0x00000000fb900000,0x00000000ffa83190,0x0000000100000000)
  to   space 82432K, 0% used [0x00000000f5f00000,0x00000000f5f00000,0x00000000faf80000)
 ParOldGen       total 305664K, used 163766K [0x00000000a0000000, 0x00000000b2a80000, 0x00000000e0000000)
  object space 305664K, 53% used [0x00000000a0000000,0x00000000a9fedb08,0x00000000b2a80000)
 Metaspace       used 245968K, capacity 260996K, committed 261184K, reserved 1275904K
  class space    used 31117K, capacity 34015K, committed 34112K, reserved 1048576K
}
Event: 1359.831 GC heap before
{Heap before GC invocations=30 (full 5):
 PSYoungGen      total 432128K, used 426508K [0x00000000e0000000, 0x0000000100000000, 0x0000000100000000)
  eden space 359424K, 100% used [0x00000000e0000000,0x00000000f5f00000,0x00000000f5f00000)
  from space 72704K, 92% used [0x00000000fb900000,0x00000000ffa83190,0x0000000100000000)
  to   space 82432K, 0% used [0x00000000f5f00000,0x00000000f5f00000,0x00000000faf80000)
 ParOldGen       total 305664K, used 163766K [0x00000000a0000000, 0x00000000b2a80000, 0x00000000e0000000)
  object space 305664K, 53% used [0x00000000a0000000,0x00000000a9fedb08,0x00000000b2a80000)
 Metaspace       used 250180K, capacity 265672K, committed 265920K, reserved 1280000K
  class space    used 31644K, capacity 34631K, committed 34752K, reserved 1048576K
Event: 1359.882 GC heap after
Heap after GC invocations=30 (full 5):
 PSYoungGen      total 431616K, used 72022K [0x00000000e0000000, 0x0000000100000000, 0x0000000100000000)
  eden space 359424K, 0% used [0x00000000e0000000,0x00000000e0000000,0x00000000f5f00000)
  from space 72192K, 99% used [0x00000000f5f00000,0x00000000fa5558f8,0x00000000fa580000)
  to   space 92160K, 0% used [0x00000000fa600000,0x00000000fa600000,0x0000000100000000)
 ParOldGen       total 305664K, used 163774K [0x00000000a0000000, 0x00000000b2a80000, 0x00000000e0000000)
  object space 305664K, 53% used [0x00000000a0000000,0x00000000a9fefb08,0x00000000b2a80000)
 Metaspace       used 250180K, capacity 265672K, committed 265920K, reserved 1280000K
  class space    used 31644K, capacity 34631K, committed 34752K, reserved 1048576K
}
Event: 1368.290 GC heap before
{Heap before GC invocations=31 (full 5):
 PSYoungGen      total 431616K, used 342652K [0x00000000e0000000, 0x0000000100000000, 0x0000000100000000)
  eden space 359424K, 75% used [0x00000000e0000000,0x00000000f0849920,0x00000000f5f00000)
  from space 72192K, 99% used [0x00000000f5f00000,0x00000000fa5558f8,0x00000000fa580000)
  to   space 92160K, 0% used [0x00000000fa600000,0x00000000fa600000,0x0000000100000000)
 ParOldGen       total 305664K, used 163774K [0x00000000a0000000, 0x00000000b2a80000, 0x00000000e0000000)
  object space 305664K, 53% used [0x00000000a0000000,0x00000000a9fefb08,0x00000000b2a80000)
 Metaspace       used 257584K, capacity 273543K, committed 273600K, reserved 1288192K
  class space    used 32694K, capacity 35776K, committed 35776K, reserved 1048576K
Event: 1368.341 GC heap after
Heap after GC invocations=31 (full 5):
 PSYoungGen      total 413696K, used 77588K [0x00000000e0000000, 0x0000000100000000, 0x0000000100000000)
  eden space 321536K, 0% used [0x00000000e0000000,0x00000000e0000000,0x00000000f3a00000)
  from space 92160K, 84% used [0x00000000fa600000,0x00000000ff1c5190,0x0000000100000000)
  to   space 101376K, 0% used [0x00000000f3a00000,0x00000000f3a00000,0x00000000f9d00000)
 ParOldGen       total 305664K, used 163782K [0x00000000a0000000, 0x00000000b2a80000, 0x00000000e0000000)
  object space 305664K, 53% used [0x00000000a0000000,0x00000000a9ff1b08,0x00000000b2a80000)
 Metaspace       used 257584K, capacity 273543K, committed 273600K, reserved 1288192K
  class space    used 32694K, capacity 35776K, committed 35776K, reserved 1048576K
}
Event: 1368.341 GC heap before
{Heap before GC invocations=32 (full 6):
 PSYoungGen      total 413696K, used 77588K [0x00000000e0000000, 0x0000000100000000, 0x0000000100000000)
  eden space 321536K, 0% used [0x00000000e0000000,0x00000000e0000000,0x00000000f3a00000)
  from space 92160K, 84% used [0x00000000fa600000,0x00000000ff1c5190,0x0000000100000000)
  to   space 101376K, 0% used [0x00000000f3a00000,0x00000000f3a00000,0x00000000f9d00000)
 ParOldGen       total 305664K, used 163782K [0x00000000a0000000, 0x00000000b2a80000, 0x00000000e0000000)
  object space 305664K, 53% used [0x00000000a0000000,0x00000000a9ff1b08,0x00000000b2a80000)
 Metaspace       used 257584K, capacity 273543K, committed 273600K, reserved 1288192K
  class space    used 32694K, capacity 35776K, committed 35776K, reserved 1048576K
Event: 1369.028 GC heap after
Heap after GC invocations=32 (full 6):
 PSYoungGen      total 413696K, used 0K [0x00000000e0000000, 0x0000000100000000, 0x0000000100000000)
  eden space 321536K, 0% used [0x00000000e0000000,0x00000000e0000000,0x00000000f3a00000)
  from space 92160K, 0% used [0x00000000fa600000,0x00000000fa600000,0x0000000100000000)
  to   space 101376K, 0% used [0x00000000f3a00000,0x00000000f3a00000,0x00000000f9d00000)
 ParOldGen       total 430080K, used 214900K [0x00000000a0000000, 0x00000000ba400000, 0x00000000e0000000)
  object space 430080K, 49% used [0x00000000a0000000,0x00000000ad1dd210,0x00000000ba400000)
 Metaspace       used 257294K, capacity 272939K, committed 273600K, reserved 1288192K
  class space    used 32606K, capacity 35670K, committed 35776K, reserved 1048576K
}
Event: 1382.972 GC heap before
{Heap before GC invocations=33 (full 6):
 PSYoungGen      total 413696K, used 321536K [0x00000000e0000000, 0x0000000100000000, 0x0000000100000000)
  eden space 321536K, 100% used [0x00000000e0000000,0x00000000f3a00000,0x00000000f3a00000)
  from space 92160K, 0% used [0x00000000fa600000,0x00000000fa600000,0x0000000100000000)
  to   space 101376K, 0% used [0x00000000f3a00000,0x00000000f3a00000,0x00000000f9d00000)
 ParOldGen       total 430080K, used 214900K [0x00000000a0000000, 0x00000000ba400000, 0x00000000e0000000)
  object space 430080K, 49% used [0x00000000a0000000,0x00000000ad1dd210,0x00000000ba400000)
 Metaspace       used 260797K, capacity 276803K, committed 277056K, reserved 1290240K
  class space    used 33121K, capacity 36229K, committed 36416K, reserved 1048576K
Event: 1382.981 GC heap after
Heap after GC invocations=33 (full 6):
 PSYoungGen      total 326656K, used 4725K [0x00000000e0000000, 0x0000000100000000, 0x0000000100000000)
  eden space 321536K, 0% used [0x00000000e0000000,0x00000000e0000000,0x00000000f3a00000)
  from space 5120K, 92% used [0x00000000f3a00000,0x00000000f3e9d600,0x00000000f3f00000)
  to   space 101888K, 0% used [0x00000000f9c80000,0x00000000f9c80000,0x0000000100000000)
 ParOldGen       total 430080K, used 214908K [0x00000000a0000000, 0x00000000ba400000, 0x00000000e0000000)
  object space 430080K, 49% used [0x00000000a0000000,0x00000000ad1df210,0x00000000ba400000)
 Metaspace       used 260797K, capacity 276803K, committed 277056K, reserved 1290240K
  class space    used 33121K, capacity 36229K, committed 36416K, reserved 1048576K
}

